2025-04-27 18:31:27,354 - INFO [<module>] - Starte Optimierungsskript.
2025-04-27 18:31:27,355 - INFO [<module>] - Konstruiere Pfad zur CSV-Datei...
2025-04-27 18:31:27,355 - INFO [<module>] - Konstruierter absoluter Pfad zur CSV: /Users/Beni/Desktop/Tradingbot/optimisierungstool/strategy_results/full_data.csv
2025-04-27 18:31:27,355 - INFO [load_and_prepare_data] - Lade Daten aus: /Users/Beni/Desktop/Tradingbot/optimisierungstool/strategy_results/full_data.csv
2025-04-27 18:31:27,771 - INFO [load_and_prepare_data] - CSV geladen (0.42s). 24193 Zeilen. Index ist Typ: <class 'pandas.core.indexes.datetimes.DatetimeIndex'>, TZ: UTC
2025-04-27 18:31:27,771 - INFO [load_and_prepare_data] - Daten sortiert nach Zeitstempel.
2025-04-27 18:31:27,779 - INFO [load_and_prepare_data] - Spalten entfernt: ['ema_fast', 'ema_slow', 'ema_baseline', 'obv', 'obv_trend']
2025-04-27 18:31:27,779 - INFO [load_and_prepare_data] - Überprüfe und konvertiere Datentypen...
2025-04-27 18:31:27,795 - INFO [load_and_prepare_data] - Datentypen überprüft und konvertiert.
2025-04-27 18:31:27,795 - INFO [<module>] - Daten erfolgreich geladen und vorbereitet.
2025-04-27 18:31:27,799 - INFO [<module>] - Intervall aus Daten abgeleitet: 0 days 00:05:00 (5.00 Minuten)
2025-04-27 18:31:27,799 - INFO [<module>] - Erstelle/Lade Optuna Studie: Trading_Strategy_Winrate_Opt_V1 in DB: ./Trading_Strategy_Winrate_Opt_V1.db
2025-04-27 18:31:28,508 - INFO [__init__] - LiveResultSaver initialisiert (Optimierungsziel: Winrate).
2025-04-27 18:31:28,508 - INFO [__init__] -  - Speichert alle Trades in: ./Trading_Strategy_Winrate_Opt_V1_all_trials_trades.csv
2025-04-27 18:31:28,508 - INFO [__init__] -  - Speichert beste Trades in: ./Trading_Strategy_Winrate_Opt_V1_best_trial_trades.csv
2025-04-27 18:31:28,508 - INFO [__init__] -  - Speichert beste Zusammenfassung in: ./Trading_Strategy_Winrate_Opt_V1_best_trial_summary.txt
2025-04-27 18:31:28,508 - INFO [__init__] -  - Speichert beste Parameter in: ./Trading_Strategy_Winrate_Opt_V1_best_params.csv
2025-04-27 18:31:28,512 - INFO [<module>] - Existierende Trials: 0. Starte Optuna-Optimierung für weitere 200 Trials (Gesamt max 200). Timeout: 14400s
2025-04-27 18:31:28,631 - INFO [objective] - Trial 0: Start...
2025-04-27 18:31:30,371 - INFO [objective] - Trial 0: Finished. Windows=50, Trades=2, Wins=0, Losses=2, Winrate=0.00%, PnL=-1.2386, Duration=1.83s
2025-04-27 18:31:30,433 - INFO [__call__] - *** Neuer bester Trial! Trial: 0, Winrate: 0.00% (Vorherige beste: -inf%) ***
2025-04-27 18:31:30,433 - INFO [__call__] -     -> Details: Trades=2, Wins=0, Losses=2, PnL=-1.2386
2025-04-27 18:31:30,441 - INFO [__call__] -     -> Beste Trades (Trial 0) gespeichert in Trading_Strategy_Winrate_Opt_V1_best_trial_trades.csv
2025-04-27 18:31:30,441 - INFO [__call__] -     -> Beste Zusammenfassung gespeichert in Trading_Strategy_Winrate_Opt_V1_best_trial_summary.txt
2025-04-27 18:31:30,444 - INFO [__call__] -     -> Beste Parameter als CSV gespeichert in Trading_Strategy_Winrate_Opt_V1_best_params.csv
2025-04-27 18:31:30,548 - INFO [objective] - Trial 1: Start...
2025-04-27 18:31:32,216 - INFO [objective] - Trial 1: Finished. Windows=33, Trades=101, Wins=47, Losses=54, Winrate=46.53%, PnL=-3.2609, Duration=1.75s
2025-04-27 18:31:32,455 - INFO [__call__] - *** Neuer bester Trial! Trial: 1, Winrate: 46.53% (Vorherige beste: 0.00%) ***
2025-04-27 18:31:32,455 - INFO [__call__] -     -> Details: Trades=101, Wins=47, Losses=54, PnL=-3.2609
2025-04-27 18:31:32,639 - INFO [__call__] -     -> Beste Trades (Trial 1) gespeichert in Trading_Strategy_Winrate_Opt_V1_best_trial_trades.csv
2025-04-27 18:31:32,639 - INFO [__call__] -     -> Beste Zusammenfassung gespeichert in Trading_Strategy_Winrate_Opt_V1_best_trial_summary.txt
2025-04-27 18:31:32,641 - INFO [__call__] -     -> Beste Parameter als CSV gespeichert in Trading_Strategy_Winrate_Opt_V1_best_params.csv
2025-04-27 18:31:32,731 - INFO [objective] - Trial 2: Start...
2025-04-27 18:31:33,560 - INFO [objective] - Trial 2: Finished. Windows=21, Trades=59, Wins=23, Losses=36, Winrate=38.98%, PnL=0.6697, Duration=0.90s
2025-04-27 18:31:33,822 - INFO [objective] - Trial 3: Start...
2025-04-27 18:31:35,165 - INFO [objective] - Trial 3: Finished. Windows=33, Trades=3, Wins=0, Losses=3, Winrate=0.00%, PnL=-1.0421, Duration=1.42s
2025-04-27 18:31:35,320 - INFO [objective] - Trial 4: Start...
2025-04-27 18:31:36,634 - INFO [objective] - Trial 4: Finished. Windows=23, Trades=29, Wins=6, Losses=23, Winrate=20.69%, PnL=-5.7637, Duration=1.39s
2025-04-27 18:31:36,862 - INFO [objective] - Trial 5: Start...
2025-04-27 18:31:38,993 - INFO [objective] - Trial 5: Finished. Windows=84, Trades=592, Wins=112, Losses=480, Winrate=18.92%, PnL=4.1041, Duration=2.22s
2025-04-27 18:31:40,294 - INFO [objective] - Trial 6: Start...
2025-04-27 18:31:42,214 - INFO [objective] - Trial 6: Finished. Windows=71, Trades=226, Wins=126, Losses=100, Winrate=55.75%, PnL=-4.9266, Duration=1.99s
2025-04-27 18:31:42,692 - INFO [__call__] - *** Neuer bester Trial! Trial: 6, Winrate: 55.75% (Vorherige beste: 46.53%) ***
2025-04-27 18:31:42,693 - INFO [__call__] -     -> Details: Trades=226, Wins=126, Losses=100, PnL=-4.9266
2025-04-27 18:31:43,108 - INFO [__call__] -     -> Beste Trades (Trial 6) gespeichert in Trading_Strategy_Winrate_Opt_V1_best_trial_trades.csv
2025-04-27 18:31:43,108 - INFO [__call__] -     -> Beste Zusammenfassung gespeichert in Trading_Strategy_Winrate_Opt_V1_best_trial_summary.txt
2025-04-27 18:31:43,110 - INFO [__call__] -     -> Beste Parameter als CSV gespeichert in Trading_Strategy_Winrate_Opt_V1_best_params.csv
2025-04-27 18:31:43,213 - INFO [objective] - Trial 7: Start...
2025-04-27 18:31:44,232 - INFO [objective] - Trial 7: Finished. Windows=47, Trades=0, Wins=0, Losses=0, Winrate=0.00%, PnL=0.0000, Duration=1.10s
2025-04-27 18:31:44,390 - INFO [objective] - Trial 8: Start...
2025-04-27 18:31:46,212 - INFO [objective] - Trial 8: Finished. Windows=79, Trades=67, Wins=38, Losses=29, Winrate=56.72%, PnL=-0.4540, Duration=1.91s
2025-04-27 18:31:46,403 - INFO [__call__] - *** Neuer bester Trial! Trial: 8, Winrate: 56.72% (Vorherige beste: 55.75%) ***
2025-04-27 18:31:46,403 - INFO [__call__] -     -> Details: Trades=67, Wins=38, Losses=29, PnL=-0.4540
2025-04-27 18:31:46,538 - INFO [__call__] -     -> Beste Trades (Trial 8) gespeichert in Trading_Strategy_Winrate_Opt_V1_best_trial_trades.csv
2025-04-27 18:31:46,539 - INFO [__call__] -     -> Beste Zusammenfassung gespeichert in Trading_Strategy_Winrate_Opt_V1_best_trial_summary.txt
2025-04-27 18:31:46,541 - INFO [__call__] -     -> Beste Parameter als CSV gespeichert in Trading_Strategy_Winrate_Opt_V1_best_params.csv
2025-04-27 18:31:46,636 - INFO [objective] - Trial 9: Start...
2025-04-27 18:31:47,879 - INFO [objective] - Trial 9: Finished. Windows=21, Trades=0, Wins=0, Losses=0, Winrate=0.00%, PnL=0.0000, Duration=1.32s
2025-04-27 18:31:48,110 - INFO [objective] - Trial 10: Start...
2025-04-27 18:31:49,532 - INFO [objective] - Trial 10: Finished. Windows=854, Trades=23, Wins=22, Losses=1, Winrate=95.65%, PnL=5.3540, Duration=1.58s
2025-04-27 18:31:49,638 - INFO [__call__] - *** Neuer bester Trial! Trial: 10, Winrate: 95.65% (Vorherige beste: 56.72%) ***
2025-04-27 18:31:49,638 - INFO [__call__] -     -> Details: Trades=23, Wins=22, Losses=1, PnL=5.3540
2025-04-27 18:31:49,686 - INFO [__call__] -     -> Beste Trades (Trial 10) gespeichert in Trading_Strategy_Winrate_Opt_V1_best_trial_trades.csv
2025-04-27 18:31:49,686 - INFO [__call__] -     -> Beste Zusammenfassung gespeichert in Trading_Strategy_Winrate_Opt_V1_best_trial_summary.txt
2025-04-27 18:31:49,688 - INFO [__call__] -     -> Beste Parameter als CSV gespeichert in Trading_Strategy_Winrate_Opt_V1_best_params.csv
2025-04-27 18:31:49,862 - INFO [objective] - Trial 11: Start...
2025-04-27 18:31:51,113 - INFO [objective] - Trial 11: Finished. Windows=330, Trades=49, Wins=40, Losses=9, Winrate=81.63%, PnL=2.8748, Duration=1.41s
2025-04-27 18:31:51,438 - INFO [objective] - Trial 12: Start...
2025-04-27 18:31:52,864 - INFO [objective] - Trial 12: Finished. Windows=866, Trades=24, Wins=23, Losses=1, Winrate=95.83%, PnL=5.3644, Duration=1.58s
2025-04-27 18:31:52,971 - INFO [__call__] - *** Neuer bester Trial! Trial: 12, Winrate: 95.83% (Vorherige beste: 95.65%) ***
2025-04-27 18:31:52,971 - INFO [__call__] -     -> Details: Trades=24, Wins=23, Losses=1, PnL=5.3644
2025-04-27 18:31:53,020 - INFO [__call__] -     -> Beste Trades (Trial 12) gespeichert in Trading_Strategy_Winrate_Opt_V1_best_trial_trades.csv
2025-04-27 18:31:53,021 - INFO [__call__] -     -> Beste Zusammenfassung gespeichert in Trading_Strategy_Winrate_Opt_V1_best_trial_summary.txt
2025-04-27 18:31:53,023 - INFO [__call__] -     -> Beste Parameter als CSV gespeichert in Trading_Strategy_Winrate_Opt_V1_best_params.csv
2025-04-27 18:31:53,190 - INFO [objective] - Trial 13: Start...
2025-04-27 18:31:54,325 - INFO [objective] - Trial 13: Finished. Windows=314, Trades=31, Wins=22, Losses=9, Winrate=70.97%, PnL=-1.1432, Duration=1.28s
2025-04-27 18:31:54,612 - INFO [objective] - Trial 14: Start...
2025-04-27 18:31:56,566 - INFO [objective] - Trial 14: Finished. Windows=175, Trades=94, Wins=54, Losses=40, Winrate=57.45%, PnL=-7.4449, Duration=2.10s
2025-04-27 18:31:56,961 - INFO [objective] - Trial 15: Start...
2025-04-27 18:31:58,592 - INFO [objective] - Trial 15: Finished. Windows=23, Trades=103, Wins=65, Losses=38, Winrate=63.11%, PnL=-4.3220, Duration=1.78s
2025-04-27 18:31:59,035 - INFO [objective] - Trial 16: Start...
2025-04-27 18:31:59,559 - INFO [objective] - Trial 16: Finished. Windows=50, Trades=42, Wins=31, Losses=11, Winrate=73.81%, PnL=-2.6995, Duration=0.67s
2025-04-27 18:31:59,873 - INFO [objective] - Trial 17: Start...
2025-04-27 18:32:00,903 - INFO [objective] - Trial 17: Finished. Windows=74, Trades=29, Wins=20, Losses=9, Winrate=68.97%, PnL=2.6953, Duration=1.19s
2025-04-27 18:32:01,163 - INFO [objective] - Trial 18: Start...
2025-04-27 18:32:02,500 - INFO [objective] - Trial 18: Finished. Windows=782, Trades=42, Wins=30, Losses=12, Winrate=71.43%, PnL=-2.4949, Duration=1.47s
2025-04-27 18:32:02,823 - INFO [objective] - Trial 19: Start...
2025-04-27 18:32:04,249 - INFO [objective] - Trial 19: Finished. Windows=42, Trades=80, Wins=43, Losses=37, Winrate=53.75%, PnL=-4.8163, Duration=1.59s
2025-04-27 18:32:04,647 - INFO [objective] - Trial 20: Start...
2025-04-27 18:32:05,785 - INFO [objective] - Trial 20: Finished. Windows=73, Trades=59, Wins=23, Losses=36, Winrate=38.98%, PnL=-5.3418, Duration=1.30s
2025-04-27 18:32:06,140 - INFO [objective] - Trial 21: Start...
2025-04-27 18:32:07,327 - INFO [objective] - Trial 21: Finished. Windows=205, Trades=43, Wins=33, Losses=10, Winrate=76.74%, PnL=0.6285, Duration=1.35s
2025-04-27 18:32:07,658 - INFO [objective] - Trial 22: Start...
2025-04-27 18:32:08,918 - INFO [objective] - Trial 22: Finished. Windows=158, Trades=74, Wins=52, Losses=22, Winrate=70.27%, PnL=0.6171, Duration=1.43s
2025-04-27 18:32:09,301 - INFO [objective] - Trial 23: Start...
2025-04-27 18:32:10,720 - INFO [objective] - Trial 23: Finished. Windows=759, Trades=16, Wins=14, Losses=2, Winrate=87.50%, PnL=2.3327, Duration=1.58s
2025-04-27 18:32:11,001 - INFO [objective] - Trial 24: Start...
2025-04-27 18:32:12,202 - INFO [objective] - Trial 24: Finished. Windows=81, Trades=53, Wins=36, Losses=17, Winrate=67.92%, PnL=-2.1675, Duration=1.37s
2025-04-27 18:32:12,550 - INFO [objective] - Trial 25: Start...
2025-04-27 18:32:13,715 - INFO [objective] - Trial 25: Finished. Windows=678, Trades=40, Wins=36, Losses=4, Winrate=90.00%, PnL=9.2391, Duration=1.33s
2025-04-27 18:32:14,002 - INFO [objective] - Trial 26: Start...
2025-04-27 18:32:15,593 - INFO [objective] - Trial 26: Finished. Windows=48, Trades=241, Wins=101, Losses=140, Winrate=41.91%, PnL=10.3518, Duration=1.73s
2025-04-27 18:32:16,284 - INFO [objective] - Trial 27: Start...
2025-04-27 18:32:17,550 - INFO [objective] - Trial 27: Finished. Windows=71, Trades=472, Wins=295, Losses=177, Winrate=62.50%, PnL=-7.2645, Duration=1.43s
2025-04-27 18:32:18,719 - INFO [objective] - Trial 28: Start...
2025-04-27 18:32:19,421 - INFO [objective] - Trial 28: Finished. Windows=78, Trades=90, Wins=65, Losses=25, Winrate=72.22%, PnL=2.7358, Duration=0.87s
2025-04-27 18:32:19,835 - INFO [objective] - Trial 29: Start...
2025-04-27 18:32:21,205 - INFO [objective] - Trial 29: Finished. Windows=69, Trades=147, Wins=89, Losses=58, Winrate=60.54%, PnL=2.9582, Duration=1.54s
2025-04-27 18:32:21,725 - INFO [objective] - Trial 30: Start...
2025-04-27 18:32:23,611 - INFO [objective] - Trial 30: Finished. Windows=217, Trades=137, Wins=77, Losses=60, Winrate=56.20%, PnL=-14.1903, Duration=2.05s
2025-04-27 18:32:24,127 - INFO [objective] - Trial 31: Start...
2025-04-27 18:32:25,392 - INFO [objective] - Trial 31: Finished. Windows=743, Trades=10, Wins=7, Losses=3, Winrate=70.00%, PnL=0.1250, Duration=1.45s
2025-04-27 18:32:25,669 - INFO [objective] - Trial 32: Start...
2025-04-27 18:32:26,744 - INFO [objective] - Trial 32: Finished. Windows=135, Trades=23, Wins=15, Losses=8, Winrate=65.22%, PnL=0.2637, Duration=1.26s
2025-04-27 18:32:27,064 - INFO [objective] - Trial 33: Start...
2025-04-27 18:32:28,363 - INFO [objective] - Trial 33: Finished. Windows=418, Trades=92, Wins=65, Losses=27, Winrate=70.65%, PnL=6.2518, Duration=1.49s
2025-04-27 18:32:28,801 - INFO [objective] - Trial 34: Start...
2025-04-27 18:32:29,817 - INFO [objective] - Trial 34: Finished. Windows=69, Trades=233, Wins=149, Losses=84, Winrate=63.95%, PnL=-1.4184, Duration=1.20s
2025-04-27 18:32:30,534 - INFO [objective] - Trial 35: Start...
2025-04-27 18:32:32,012 - INFO [objective] - Trial 35: Finished. Windows=29, Trades=3, Wins=1, Losses=2, Winrate=33.33%, PnL=-0.6175, Duration=1.66s
2025-04-27 18:32:32,251 - INFO [objective] - Trial 36: Start...
2025-04-27 18:32:34,074 - INFO [objective] - Trial 36: Finished. Windows=259, Trades=18, Wins=2, Losses=16, Winrate=11.11%, PnL=-9.2490, Duration=1.98s
2025-04-27 18:32:34,372 - INFO [objective] - Trial 37: Start...
2025-04-27 18:32:36,053 - INFO [objective] - Trial 37: Finished. Windows=51, Trades=155, Wins=124, Losses=31, Winrate=80.00%, PnL=3.0377, Duration=1.87s
2025-04-27 18:32:36,596 - INFO [objective] - Trial 38: Start...
2025-04-27 18:32:37,744 - INFO [objective] - Trial 38: Finished. Windows=56, Trades=88, Wins=25, Losses=63, Winrate=28.41%, PnL=-6.1351, Duration=1.30s
2025-04-27 18:32:38,202 - INFO [objective] - Trial 39: Start...
2025-04-27 18:32:39,922 - INFO [objective] - Trial 39: Finished. Windows=58, Trades=11, Wins=8, Losses=3, Winrate=72.73%, PnL=-0.6071, Duration=1.92s
2025-04-27 18:32:40,203 - INFO [objective] - Trial 40: Start...
2025-04-27 18:32:41,783 - INFO [objective] - Trial 40: Finished. Windows=22, Trades=346, Wins=229, Losses=117, Winrate=66.18%, PnL=12.3102, Duration=1.76s
2025-04-27 18:32:42,784 - INFO [objective] - Trial 41: Start...
2025-04-27 18:32:44,475 - INFO [objective] - Trial 41: Finished. Windows=833, Trades=18, Wins=16, Losses=2, Winrate=88.89%, PnL=2.1455, Duration=1.88s
2025-04-27 18:32:44,769 - INFO [objective] - Trial 42: Start...
2025-04-27 18:32:46,428 - INFO [objective] - Trial 42: Finished. Windows=851, Trades=18, Wins=15, Losses=3, Winrate=83.33%, PnL=1.8629, Duration=1.84s
2025-04-27 18:32:46,720 - INFO [objective] - Trial 43: Start...
2025-04-27 18:32:48,023 - INFO [objective] - Trial 43: Finished. Windows=199, Trades=34, Wins=18, Losses=16, Winrate=52.94%, PnL=-3.4745, Duration=1.49s
2025-04-27 18:32:48,351 - INFO [objective] - Trial 44: Start...
2025-04-27 18:32:49,485 - INFO [objective] - Trial 44: Finished. Windows=89, Trades=26, Wins=17, Losses=9, Winrate=65.38%, PnL=-4.3490, Duration=1.32s
2025-04-27 18:32:49,810 - INFO [objective] - Trial 45: Start...
2025-04-27 18:32:50,978 - INFO [objective] - Trial 45: Finished. Windows=195, Trades=78, Wins=48, Losses=30, Winrate=61.54%, PnL=-1.4256, Duration=1.36s
2025-04-27 18:32:51,440 - INFO [objective] - Trial 46: Start...
2025-04-27 18:32:52,744 - INFO [objective] - Trial 46: Finished. Windows=104, Trades=6, Wins=2, Losses=4, Winrate=33.33%, PnL=-2.7263, Duration=1.51s
2025-04-27 18:32:53,017 - INFO [objective] - Trial 47: Start...
2025-04-27 18:32:55,573 - INFO [objective] - Trial 47: Finished. Windows=150, Trades=33, Wins=10, Losses=23, Winrate=30.30%, PnL=-10.3746, Duration=2.74s
2025-04-27 18:32:55,968 - INFO [objective] - Trial 48: Start...
2025-04-27 18:32:57,454 - INFO [objective] - Trial 48: Finished. Windows=579, Trades=108, Wins=40, Losses=68, Winrate=37.04%, PnL=-19.1779, Duration=1.72s
2025-04-27 18:32:58,083 - INFO [objective] - Trial 49: Start...
2025-04-27 18:33:00,283 - INFO [objective] - Trial 49: Finished. Windows=38, Trades=200, Wins=117, Losses=83, Winrate=58.50%, PnL=0.7263, Duration=2.44s
2025-04-27 18:33:01,280 - INFO [objective] - Trial 50: Start...
2025-04-27 18:33:03,256 - INFO [objective] - Trial 50: Finished. Windows=246, Trades=159, Wins=88, Losses=71, Winrate=55.35%, PnL=-13.3432, Duration=2.26s
2025-04-27 18:33:04,077 - INFO [objective] - Trial 51: Start...
2025-04-27 18:33:06,332 - INFO [objective] - Trial 51: Finished. Windows=844, Trades=0, Wins=0, Losses=0, Winrate=0.00%, PnL=0.0000, Duration=2.51s
2025-04-27 18:33:06,673 - INFO [objective] - Trial 52: Start...
2025-04-27 18:33:08,689 - INFO [objective] - Trial 52: Finished. Windows=250, Trades=73, Wins=55, Losses=18, Winrate=75.34%, PnL=7.4995, Duration=2.27s
2025-04-27 18:33:09,318 - INFO [objective] - Trial 53: Start...
2025-04-27 18:33:11,396 - INFO [objective] - Trial 53: Finished. Windows=147, Trades=47, Wins=31, Losses=16, Winrate=65.96%, PnL=-4.2569, Duration=2.36s
2025-04-27 18:33:11,975 - INFO [objective] - Trial 54: Start...
2025-04-27 18:33:14,621 - INFO [objective] - Trial 54: Finished. Windows=21, Trades=83, Wins=54, Losses=29, Winrate=65.06%, PnL=-3.4530, Duration=2.95s
2025-04-27 18:33:15,308 - INFO [objective] - Trial 55: Start...
2025-04-27 18:33:18,120 - INFO [objective] - Trial 55: Finished. Windows=864, Trades=93, Wins=78, Losses=15, Winrate=83.87%, PnL=16.1735, Duration=3.11s
2025-04-27 18:33:18,865 - INFO [objective] - Trial 56: Start...
2025-04-27 18:33:21,770 - INFO [objective] - Trial 56: Finished. Windows=308, Trades=302, Wins=193, Losses=109, Winrate=63.91%, PnL=-7.7230, Duration=3.22s
2025-04-27 18:33:23,240 - INFO [objective] - Trial 57: Start...
2025-04-27 18:33:26,136 - INFO [objective] - Trial 57: Finished. Windows=112, Trades=101, Wins=34, Losses=67, Winrate=33.66%, PnL=6.1723, Duration=3.18s
2025-04-27 18:33:26,956 - INFO [objective] - Trial 58: Start...
2025-04-27 18:33:29,594 - INFO [objective] - Trial 58: Finished. Windows=152, Trades=59, Wins=35, Losses=24, Winrate=59.32%, PnL=-11.6741, Duration=2.96s
2025-04-27 18:33:30,241 - INFO [objective] - Trial 59: Start...
2025-04-27 18:33:32,943 - INFO [objective] - Trial 59: Finished. Windows=71, Trades=293, Wins=162, Losses=131, Winrate=55.29%, PnL=-15.3125, Duration=3.02s
2025-04-27 18:33:34,470 - INFO [objective] - Trial 60: Start...
2025-04-27 18:33:36,807 - INFO [objective] - Trial 60: Finished. Windows=72, Trades=138, Wins=85, Losses=53, Winrate=61.59%, PnL=-4.1492, Duration=2.66s
2025-04-27 18:33:37,747 - INFO [objective] - Trial 61: Start...
2025-04-27 18:33:40,551 - INFO [objective] - Trial 61: Finished. Windows=847, Trades=13, Wins=11, Losses=2, Winrate=84.62%, PnL=-0.5771, Duration=3.13s
2025-04-27 18:33:41,053 - INFO [objective] - Trial 62: Start...
2025-04-27 18:33:43,602 - INFO [objective] - Trial 62: Finished. Windows=249, Trades=76, Wins=54, Losses=22, Winrate=71.05%, PnL=-6.8415, Duration=2.89s
2025-04-27 18:33:44,434 - INFO [objective] - Trial 63: Start...
2025-04-27 18:33:47,130 - INFO [objective] - Trial 63: Finished. Windows=339, Trades=287, Wins=214, Losses=73, Winrate=74.56%, PnL=5.3682, Duration=3.13s
2025-04-27 18:33:48,734 - INFO [objective] - Trial 64: Start...
2025-04-27 18:33:52,006 - INFO [objective] - Trial 64: Finished. Windows=920, Trades=21, Wins=19, Losses=2, Winrate=90.48%, PnL=3.8019, Duration=3.64s
2025-04-27 18:33:52,537 - INFO [objective] - Trial 65: Start...
2025-04-27 18:33:55,154 - INFO [objective] - Trial 65: Finished. Windows=191, Trades=39, Wins=27, Losses=12, Winrate=69.23%, PnL=1.2024, Duration=2.96s
2025-04-27 18:33:55,748 - INFO [objective] - Trial 66: Start...
2025-04-27 18:33:58,083 - INFO [objective] - Trial 66: Finished. Windows=119, Trades=36, Wins=29, Losses=7, Winrate=80.56%, PnL=0.5892, Duration=2.68s
2025-04-27 18:33:58,658 - INFO [objective] - Trial 67: Start...
2025-04-27 18:34:02,971 - INFO [objective] - Trial 67: Finished. Windows=270, Trades=236, Wins=63, Losses=173, Winrate=26.69%, PnL=-12.7391, Duration=4.64s
2025-04-27 18:34:04,288 - INFO [objective] - Trial 68: Start...
2025-04-27 18:34:06,192 - INFO [objective] - Trial 68: Finished. Windows=251, Trades=4, Wins=0, Losses=4, Winrate=0.00%, PnL=-1.0796, Duration=2.20s
2025-04-27 18:34:06,809 - INFO [objective] - Trial 69: Start...
2025-04-27 18:34:09,615 - INFO [objective] - Trial 69: Finished. Windows=30, Trades=97, Wins=82, Losses=15, Winrate=84.54%, PnL=3.2805, Duration=3.30s
2025-04-27 18:34:10,423 - INFO [objective] - Trial 70: Start...
2025-04-27 18:34:12,680 - INFO [objective] - Trial 70: Finished. Windows=56, Trades=63, Wins=42, Losses=21, Winrate=66.67%, PnL=-6.6247, Duration=2.59s
2025-04-27 18:34:13,327 - INFO [objective] - Trial 71: Start...
2025-04-27 18:34:15,974 - INFO [objective] - Trial 71: Finished. Windows=29, Trades=96, Wins=84, Losses=12, Winrate=87.50%, PnL=5.5808, Duration=2.96s
2025-04-27 18:34:16,704 - INFO [objective] - Trial 72: Start...
2025-04-27 18:34:19,315 - INFO [objective] - Trial 72: Finished. Windows=27, Trades=126, Wins=104, Losses=22, Winrate=82.54%, PnL=-2.1277, Duration=2.92s
2025-04-27 18:34:20,113 - INFO [objective] - Trial 73: Start...
2025-04-27 18:34:22,485 - INFO [objective] - Trial 73: Finished. Windows=37, Trades=66, Wins=55, Losses=11, Winrate=83.33%, PnL=-0.8592, Duration=2.66s
2025-04-27 18:34:23,056 - INFO [objective] - Trial 74: Start...
2025-04-27 18:34:25,371 - INFO [objective] - Trial 74: Finished. Windows=30, Trades=78, Wins=62, Losses=16, Winrate=79.49%, PnL=4.0226, Duration=2.59s
2025-04-27 18:34:25,945 - INFO [objective] - Trial 75: Start...
2025-04-27 18:34:27,908 - INFO [objective] - Trial 75: Finished. Windows=37, Trades=45, Wins=34, Losses=11, Winrate=75.56%, PnL=0.6500, Duration=2.23s
2025-04-27 18:34:28,378 - INFO [objective] - Trial 76: Start...
2025-04-27 18:34:30,367 - INFO [objective] - Trial 76: Finished. Windows=32, Trades=95, Wins=71, Losses=24, Winrate=74.74%, PnL=3.4163, Duration=2.25s
2025-04-27 18:34:30,950 - INFO [objective] - Trial 77: Start...
2025-04-27 18:34:32,590 - INFO [objective] - Trial 77: Finished. Windows=173, Trades=101, Wins=70, Losses=31, Winrate=69.31%, PnL=-6.4198, Duration=1.89s
2025-04-27 18:34:33,177 - INFO [objective] - Trial 78: Start...
2025-04-27 18:34:35,903 - INFO [objective] - Trial 78: Finished. Windows=34, Trades=309, Wins=182, Losses=127, Winrate=58.90%, PnL=10.0528, Duration=2.97s
2025-04-27 18:34:36,959 - INFO [objective] - Trial 79: Start...
2025-04-27 18:34:38,628 - INFO [objective] - Trial 79: Finished. Windows=50, Trades=28, Wins=24, Losses=4, Winrate=85.71%, PnL=4.7539, Duration=1.90s
2025-04-27 18:34:38,978 - INFO [objective] - Trial 80: Start...
2025-04-27 18:34:40,688 - INFO [objective] - Trial 80: Finished. Windows=52, Trades=18, Wins=9, Losses=9, Winrate=50.00%, PnL=-5.0223, Duration=1.91s
2025-04-27 18:34:41,053 - INFO [objective] - Trial 81: Start...
2025-04-27 18:34:42,940 - INFO [objective] - Trial 81: Finished. Windows=24, Trades=17, Wins=13, Losses=4, Winrate=76.47%, PnL=1.3887, Duration=2.12s
2025-04-27 18:34:43,274 - INFO [objective] - Trial 82: Start...
2025-04-27 18:34:44,401 - INFO [objective] - Trial 82: Finished. Windows=332, Trades=25, Wins=25, Losses=0, Winrate=100.00%, PnL=5.8455, Duration=1.35s
2025-04-27 18:34:44,517 - INFO [__call__] - *** Neuer bester Trial! Trial: 82, Winrate: 100.00% (Vorherige beste: 95.83%) ***
2025-04-27 18:34:44,517 - INFO [__call__] -     -> Details: Trades=25, Wins=25, Losses=0, PnL=5.8455
2025-04-27 18:34:44,578 - INFO [__call__] -     -> Beste Trades (Trial 82) gespeichert in Trading_Strategy_Winrate_Opt_V1_best_trial_trades.csv
2025-04-27 18:34:44,579 - INFO [__call__] -     -> Beste Zusammenfassung gespeichert in Trading_Strategy_Winrate_Opt_V1_best_trial_summary.txt
2025-04-27 18:34:44,581 - INFO [__call__] -     -> Beste Parameter als CSV gespeichert in Trading_Strategy_Winrate_Opt_V1_best_params.csv
2025-04-27 18:34:44,823 - INFO [objective] - Trial 83: Start...
2025-04-27 18:34:46,268 - INFO [objective] - Trial 83: Finished. Windows=43, Trades=10, Wins=9, Losses=1, Winrate=90.00%, PnL=0.9676, Duration=1.67s
2025-04-27 18:34:46,585 - INFO [objective] - Trial 84: Start...
2025-04-27 18:34:47,977 - INFO [objective] - Trial 84: Finished. Windows=41, Trades=66, Wins=50, Losses=16, Winrate=75.76%, PnL=1.2993, Duration=1.61s
2025-04-27 18:34:48,425 - INFO [objective] - Trial 85: Start...
2025-04-27 18:34:49,564 - INFO [objective] - Trial 85: Finished. Windows=247, Trades=61, Wins=55, Losses=6, Winrate=90.16%, PnL=4.8419, Duration=1.36s
2025-04-27 18:34:50,014 - INFO [objective] - Trial 86: Start...
2025-04-27 18:34:51,233 - INFO [objective] - Trial 86: Finished. Windows=257, Trades=59, Wins=55, Losses=4, Winrate=93.22%, PnL=8.1437, Duration=1.45s
2025-04-27 18:34:51,667 - INFO [objective] - Trial 87: Start...
2025-04-27 18:34:52,841 - INFO [objective] - Trial 87: Finished. Windows=251, Trades=5, Wins=5, Losses=0, Winrate=100.00%, PnL=1.2327, Duration=1.40s
2025-04-27 18:34:53,154 - INFO [objective] - Trial 88: Start...
2025-04-27 18:34:54,409 - INFO [objective] - Trial 88: Finished. Windows=95, Trades=12, Wins=12, Losses=0, Winrate=100.00%, PnL=2.7863, Duration=1.48s
2025-04-27 18:34:54,763 - INFO [objective] - Trial 89: Start...
2025-04-27 18:34:55,700 - INFO [objective] - Trial 89: Finished. Windows=206, Trades=12, Wins=9, Losses=3, Winrate=75.00%, PnL=0.0668, Duration=1.19s
2025-04-27 18:34:56,021 - INFO [objective] - Trial 90: Start...
2025-04-27 18:34:57,014 - INFO [objective] - Trial 90: Finished. Windows=81, Trades=78, Wins=63, Losses=15, Winrate=80.77%, PnL=-1.8564, Duration=1.21s
2025-04-27 18:34:57,495 - INFO [objective] - Trial 91: Start...
2025-04-27 18:34:58,712 - INFO [objective] - Trial 91: Finished. Windows=149, Trades=15, Wins=14, Losses=1, Winrate=93.33%, PnL=1.7092, Duration=1.44s
2025-04-27 18:34:59,057 - INFO [objective] - Trial 92: Start...
2025-04-27 18:35:00,336 - INFO [objective] - Trial 92: Finished. Windows=175, Trades=22, Wins=21, Losses=1, Winrate=95.45%, PnL=3.3607, Duration=1.51s
2025-04-27 18:35:00,702 - INFO [objective] - Trial 93: Start...
2025-04-27 18:35:01,869 - INFO [objective] - Trial 93: Finished. Windows=155, Trades=21, Wins=21, Losses=0, Winrate=100.00%, PnL=4.5843, Duration=1.40s
2025-04-27 18:35:02,233 - INFO [objective] - Trial 94: Start...
2025-04-27 18:35:03,597 - INFO [objective] - Trial 94: Finished. Windows=88, Trades=27, Wins=24, Losses=3, Winrate=88.89%, PnL=0.8043, Duration=1.60s
2025-04-27 18:35:03,987 - INFO [objective] - Trial 95: Start...
2025-04-27 18:35:04,477 - INFO [objective] - Trial 95: Finished. Windows=51, Trades=3, Wins=3, Losses=0, Winrate=100.00%, PnL=0.8132, Duration=0.73s
2025-04-27 18:35:04,806 - INFO [objective] - Trial 96: Start...
2025-04-27 18:35:05,383 - INFO [objective] - Trial 96: Finished. Windows=73, Trades=6, Wins=6, Losses=0, Winrate=100.00%, PnL=1.5431, Duration=0.82s
2025-04-27 18:35:05,721 - INFO [objective] - Trial 97: Start...
2025-04-27 18:35:06,590 - INFO [objective] - Trial 97: Finished. Windows=41, Trades=0, Wins=0, Losses=0, Winrate=0.00%, PnL=0.0000, Duration=1.11s
2025-04-27 18:35:06,957 - INFO [objective] - Trial 98: Start...
2025-04-27 18:35:07,698 - INFO [objective] - Trial 98: Finished. Windows=81, Trades=4, Wins=4, Losses=0, Winrate=100.00%, PnL=0.8064, Duration=1.02s
2025-04-27 18:35:08,101 - INFO [objective] - Trial 99: Start...
2025-04-27 18:35:08,828 - INFO [objective] - Trial 99: Finished. Windows=83, Trades=7, Wins=7, Losses=0, Winrate=100.00%, PnL=0.8948, Duration=1.02s
2025-04-27 18:35:09,162 - INFO [objective] - Trial 100: Start...
2025-04-27 18:35:10,207 - INFO [objective] - Trial 100: Finished. Windows=63, Trades=0, Wins=0, Losses=0, Winrate=0.00%, PnL=0.0000, Duration=1.28s
2025-04-27 18:35:10,581 - INFO [objective] - Trial 101: Start...
2025-04-27 18:35:11,277 - INFO [objective] - Trial 101: Finished. Windows=73, Trades=4, Wins=3, Losses=1, Winrate=75.00%, PnL=-0.8754, Duration=0.98s
2025-04-27 18:35:11,664 - INFO [objective] - Trial 102: Start...
2025-04-27 18:35:12,553 - INFO [objective] - Trial 102: Finished. Windows=64, Trades=10, Wins=10, Losses=0, Winrate=100.00%, PnL=1.2501, Duration=1.18s
2025-04-27 18:35:12,982 - INFO [objective] - Trial 103: Start...
2025-04-27 18:35:13,850 - INFO [objective] - Trial 103: Finished. Windows=64, Trades=10, Wins=10, Losses=0, Winrate=100.00%, PnL=1.2834, Duration=1.18s
2025-04-27 18:35:14,255 - INFO [objective] - Trial 104: Start...
2025-04-27 18:35:15,207 - INFO [objective] - Trial 104: Finished. Windows=67, Trades=10, Wins=10, Losses=0, Winrate=100.00%, PnL=1.1750, Duration=1.24s
2025-04-27 18:35:15,619 - INFO [objective] - Trial 105: Start...
2025-04-27 18:35:16,615 - INFO [objective] - Trial 105: Finished. Windows=70, Trades=14, Wins=14, Losses=0, Winrate=100.00%, PnL=1.0899, Duration=1.29s
2025-04-27 18:35:17,035 - INFO [objective] - Trial 106: Start...
2025-04-27 18:35:18,026 - INFO [objective] - Trial 106: Finished. Windows=44, Trades=13, Wins=11, Losses=2, Winrate=84.62%, PnL=-0.2850, Duration=1.28s
2025-04-27 18:35:18,450 - INFO [objective] - Trial 107: Start...
2025-04-27 18:35:19,561 - INFO [objective] - Trial 107: Finished. Windows=52, Trades=3, Wins=3, Losses=0, Winrate=100.00%, PnL=0.3469, Duration=1.41s
2025-04-27 18:35:19,972 - INFO [objective] - Trial 108: Start...
2025-04-27 18:35:21,168 - INFO [objective] - Trial 108: Finished. Windows=85, Trades=13, Wins=13, Losses=0, Winrate=100.00%, PnL=0.7550, Duration=1.50s
2025-04-27 18:35:21,623 - INFO [objective] - Trial 109: Start...
2025-04-27 18:35:23,011 - INFO [objective] - Trial 109: Finished. Windows=79, Trades=5, Wins=4, Losses=1, Winrate=80.00%, PnL=-0.6672, Duration=1.70s
2025-04-27 18:35:23,296 - WARNING [<module>] - Optimierung durch Benutzer unterbrochen.
2025-04-27 18:35:23,296 - INFO [<module>] - ==================== OPTIMIERUNG ABGESCHLOSSEN/UNTERBROCHEN ====================
2025-04-27 18:35:23,303 - INFO [<module>] - Anzahl Trials insgesamt (in DB): 111
2025-04-27 18:35:23,303 - INFO [<module>] - Anzahl erfolgreich abgeschlossener Trials: 110
2025-04-27 18:35:23,304 - INFO [<module>] - --- Finales Bestes Ergebnis (basierend auf DB-Stand) ---
2025-04-27 18:35:23,313 - INFO [<module>] -   Bester Trial Nummer: 82
2025-04-27 18:35:23,313 - INFO [<module>] -   Bester Wert (Winrate): 100.0000%
2025-04-27 18:35:23,313 - INFO [<module>] -   Anzahl Trades (bester Trial): 25
2025-04-27 18:35:23,313 - INFO [<module>] -   Gesamt PnL (bester Trial): 5.8455
2025-04-27 18:35:23,313 - INFO [<module>] -   Parameter und Details siehe: ./Trading_Strategy_Winrate_Opt_V1_best_trial_summary.txt
2025-04-27 18:35:23,313 - INFO [<module>] -   Beste Parameter als CSV siehe: ./Trading_Strategy_Winrate_Opt_V1_best_params.csv
2025-04-27 18:35:23,313 - INFO [<module>] -   Trades dieses Runs siehe: ./Trading_Strategy_Winrate_Opt_V1_best_trial_trades.csv
2025-04-27 18:35:23,348 - INFO [<module>] - Übersicht aller Trial-Ergebnisse gespeichert in: ./Trading_Strategy_Winrate_Opt_V1_results.csv
2025-04-27 18:35:23,349 - INFO [<module>] - Gesamtlaufzeit des Skripts: 235.99 Sekunden.
